<?xml version="1.0" encoding="UTF-8"?>
<!-- Generated by org.testng.reporters.JUnitXMLReporter -->
<testsuite ignored="0" hostname="CEW10111" failures="0" tests="3" name="TestOne" time="2.907" errors="0" timestamp="2023-06-08T08:57:18 CEST">
  <testcase classname="tests.HomePageTest" name="Login" time="0.156"/>
  <testcase classname="tests.HomePageTest" name="VerifyHomePage" time="0.021"/>
  <testcase classname="tests.HomePageTest" name="VerifyAddItemtoCart" time="0.098"/>
</testsuite> <!-- TestOne -->
