<?xml version="1.0" encoding="UTF-8"?>
<!-- Generated by org.testng.reporters.JUnitXMLReporter -->
<testsuite ignored="0" hostname="CEW10111" failures="0" tests="5" name="TestOne" time="4.911" errors="0" timestamp="2023-06-08T09:49:47 CEST">
  <testcase classname="tests.LoginTest" name="Login" time="0.182"/>
  <testcase classname="tests.LoginTest" name="VerifyHomePage" time="0.025"/>
  <testcase classname="tests.HomeTest" name="Login" time="0.21"/>
  <testcase classname="tests.HomeTest" name="VerifyHomePage" time="0.02"/>
  <testcase classname="tests.HomeTest" name="VerifyAddItemtoCart" time="0.09"/>
</testsuite> <!-- TestOne -->
