<?xml version="1.0" encoding="UTF-8"?>
<!-- Generated by org.testng.reporters.JUnitXMLReporter -->
<testsuite ignored="0" hostname="CEW10111" failures="0" tests="3" name="TestTwo" time="0.009" errors="0" timestamp="2023-06-08T09:23:43 CEST">
  <testcase classname="tests.HomeTest" name="Login" time="0.0">
    <skipped/>
  </testcase> <!-- Login -->
  <testcase classname="tests.HomeTest" name="VerifyHomePage" time="0.0">
    <skipped/>
  </testcase> <!-- VerifyHomePage -->
  <testcase classname="tests.HomeTest" name="VerifyAddItemtoCart" time="0.0">
    <skipped/>
  </testcase> <!-- VerifyAddItemtoCart -->
</testsuite> <!-- TestTwo -->
