<?xml version="1.0" encoding="UTF-8"?>
<testng-results ignored="0" total="3" passed="3" failed="0" skipped="0">
  <reporter-output>
  </reporter-output>
  <suite started-at="2023-06-08T08:57:15 CEST" name="RegressionTest" finished-at="2023-06-08T08:57:18 CEST" duration-ms="2907">
    <groups>
    </groups>
    <test started-at="2023-06-08T08:57:15 CEST" name="TestOne" finished-at="2023-06-08T08:57:18 CEST" duration-ms="2907">
      <class name="tests.HomePageTest">
        <test-method is-config="true" signature="browserlaunch()[pri:0, instance:tests.HomePageTest@293a5bf6]" started-at="2023-06-08T08:57:15 CEST" name="browserlaunch" finished-at="2023-06-08T08:57:17 CEST" duration-ms="2605" status="PASS">
          <reporter-output>
          </reporter-output>
        </test-method> <!-- browserlaunch -->
        <test-method signature="Login()[pri:1, instance:tests.HomePageTest@293a5bf6]" started-at="2023-06-08T08:57:18 CEST" name="Login" finished-at="2023-06-08T08:57:18 CEST" duration-ms="156" status="PASS">
          <reporter-output>
          </reporter-output>
        </test-method> <!-- Login -->
        <test-method signature="VerifyHomePage()[pri:2, instance:tests.HomePageTest@293a5bf6]" started-at="2023-06-08T08:57:18 CEST" name="VerifyHomePage" finished-at="2023-06-08T08:57:18 CEST" duration-ms="21" status="PASS">
          <reporter-output>
          </reporter-output>
        </test-method> <!-- VerifyHomePage -->
        <test-method signature="VerifyAddItemtoCart()[pri:3, instance:tests.HomePageTest@293a5bf6]" started-at="2023-06-08T08:57:18 CEST" name="VerifyAddItemtoCart" finished-at="2023-06-08T08:57:18 CEST" duration-ms="98" status="PASS">
          <reporter-output>
          </reporter-output>
        </test-method> <!-- VerifyAddItemtoCart -->
        <test-method is-config="true" signature="closeBrowser()[pri:0, instance:tests.HomePageTest@293a5bf6]" started-at="2023-06-08T08:57:18 CEST" name="closeBrowser" finished-at="2023-06-08T08:57:18 CEST" duration-ms="2" status="PASS">
          <reporter-output>
          </reporter-output>
        </test-method> <!-- closeBrowser -->
      </class> <!-- tests.HomePageTest -->
    </test> <!-- TestOne -->
  </suite> <!-- RegressionTest -->
</testng-results>
