<?xml version="1.0" encoding="UTF-8"?>
<testng-results ignored="0" total="5" passed="5" failed="0" skipped="0">
  <reporter-output>
  </reporter-output>
  <suite started-at="2023-06-08T09:49:42 CEST" name="RegressionTest" finished-at="2023-06-08T09:49:47 CEST" duration-ms="4911">
    <groups>
    </groups>
    <test started-at="2023-06-08T09:49:42 CEST" name="TestOne" finished-at="2023-06-08T09:49:47 CEST" duration-ms="4911">
      <class name="tests.LoginTest">
        <test-method is-config="true" signature="browserlaunch()[pri:0, instance:tests.LoginTest@74f0ea28]" started-at="2023-06-08T09:49:45 CEST" name="browserlaunch" finished-at="2023-06-08T09:49:46 CEST" duration-ms="1385" status="PASS">
          <reporter-output>
          </reporter-output>
        </test-method> <!-- browserlaunch -->
        <test-method signature="Login()[pri:1, instance:tests.LoginTest@74f0ea28]" started-at="2023-06-08T09:49:46 CEST" name="Login" finished-at="2023-06-08T09:49:46 CEST" duration-ms="182" status="PASS">
          <reporter-output>
          </reporter-output>
        </test-method> <!-- Login -->
        <test-method signature="VerifyHomePage()[pri:2, instance:tests.LoginTest@74f0ea28]" started-at="2023-06-08T09:49:46 CEST" name="VerifyHomePage" finished-at="2023-06-08T09:49:46 CEST" duration-ms="25" status="PASS">
          <reporter-output>
          </reporter-output>
        </test-method> <!-- VerifyHomePage -->
        <test-method is-config="true" signature="closeBrowser()[pri:0, instance:tests.LoginTest@74f0ea28]" started-at="2023-06-08T09:49:47 CEST" name="closeBrowser" finished-at="2023-06-08T09:49:47 CEST" duration-ms="130" status="PASS">
          <reporter-output>
          </reporter-output>
        </test-method> <!-- closeBrowser -->
      </class> <!-- tests.LoginTest -->
      <class name="tests.HomeTest">
        <test-method is-config="true" signature="browserlaunch()[pri:0, instance:tests.HomeTest@55b699ef]" started-at="2023-06-08T09:49:42 CEST" name="browserlaunch" finished-at="2023-06-08T09:49:45 CEST" duration-ms="2637" status="PASS">
          <reporter-output>
          </reporter-output>
        </test-method> <!-- browserlaunch -->
        <test-method signature="Login()[pri:1, instance:tests.HomeTest@55b699ef]" started-at="2023-06-08T09:49:46 CEST" name="Login" finished-at="2023-06-08T09:49:46 CEST" duration-ms="210" status="PASS">
          <reporter-output>
          </reporter-output>
        </test-method> <!-- Login -->
        <test-method signature="VerifyHomePage()[pri:2, instance:tests.HomeTest@55b699ef]" started-at="2023-06-08T09:49:46 CEST" name="VerifyHomePage" finished-at="2023-06-08T09:49:46 CEST" duration-ms="20" status="PASS">
          <reporter-output>
          </reporter-output>
        </test-method> <!-- VerifyHomePage -->
        <test-method signature="VerifyAddItemtoCart()[pri:3, instance:tests.HomeTest@55b699ef]" started-at="2023-06-08T09:49:46 CEST" name="VerifyAddItemtoCart" finished-at="2023-06-08T09:49:47 CEST" duration-ms="90" status="PASS">
          <reporter-output>
          </reporter-output>
        </test-method> <!-- VerifyAddItemtoCart -->
        <test-method is-config="true" signature="closeBrowser()[pri:0, instance:tests.HomeTest@55b699ef]" started-at="2023-06-08T09:49:47 CEST" name="closeBrowser" finished-at="2023-06-08T09:49:47 CEST" duration-ms="198" status="PASS">
          <reporter-output>
          </reporter-output>
        </test-method> <!-- closeBrowser -->
      </class> <!-- tests.HomeTest -->
    </test> <!-- TestOne -->
  </suite> <!-- RegressionTest -->
</testng-results>
